# JRE version: 7.0_17-b02
# Java VM: Java HotSpot(TM) Server VM (23.7-b01 mixed mode windows-x86 )
Heap
 PSYoungGen      total 40256K, used 4367K [0xaeaa0000, 0xb1600000, 0xc3ff0000)
  eden space 39040K, 11% used [0xaeaa0000,0xaeee3d98,0xb10c0000)
  from space 1216K, 0% used [0xb10c0000,0xb10c0000,0xb11f0000)
  to   space 2688K, 0% used [0xb1360000,0xb1360000,0xb1600000)
 ParOldGen       total 87424K, used 26199K [0x83ff0000, 0x89550000, 0xaeaa0000)
  object space 87424K, 29% used [0x83ff0000,0x85985fa0,0x89550000)
 PSPermGen       total 34304K, used 32490K [0x7fff0000, 0x82170000, 0x83ff0000)
  object space 34304K, 94% used [0x7fff0000,0x81faa818,0x82170000)
GC Heap History (10 events):
Event: 68.187 GC heap before
{Heap before GC invocations=234 (full 113):
 PSYoungGen      total 41664K, used 2031K [0xaeaa0000, 0xb1660000, 0xc3ff0000)
  eden space 39040K, 0% used [0xaeaa0000,0xaeaa0000,0xb10c0000)
  from space 2624K, 77% used [0xb10c0000,0xb12bbd78,0xb1350000)
  to   space 2880K, 0% used [0xb1390000,0xb1390000,0xb1660000)
 ParOldGen       total 87424K, used 25475K [0x83ff0000, 0x89550000, 0xaeaa0000)
  object space 87424K, 29% used [0x83ff0000,0x858d0e08,0x89550000)
 PSPermGen       total 34560K, used 32358K [0x7fff0000, 0x821b0000, 0x83ff0000)
  object space 34560K, 93% used [0x7fff0000,0x81f899c8,0x821b0000)
Event: 68.311 GC heap after
Heap after GC invocations=234 (full 113):
 PSYoungGen      total 41664K, used 0K [0xaeaa0000, 0xb1660000, 0xc3ff0000)
  eden space 39040K, 0% used [0xaeaa0000,0xaeaa0000,0xb10c0000)
  from space 2624K, 0% used [0xb10c0000,0xb10c0000,0xb1350000)
  to   space 2880K, 0% used [0xb1390000,0xb1390000,0xb1660000)
 ParOldGen       total 87424K, used 25633K [0x83ff0000, 0x89550000, 0xaeaa0000)
  object space 87424K, 29% used [0x83ff0000,0x858f8788,0x89550000)
 PSPermGen       total 34560K, used 32358K [0x7fff0000, 0x821b0000, 0x83ff0000)
  object space 34560K, 93% used [0x7fff0000,0x81f89808,0x821b0000)
}
Event: 68.815 GC heap before
{Heap before GC invocations=235 (full 113):
 PSYoungGen      total 41664K, used 6429K [0xaeaa0000, 0xb1660000, 0xc3ff0000)
  eden space 39040K, 16% used [0xaeaa0000,0xaf0e7460,0xb10c0000)
  from space 2624K, 0% used [0xb10c0000,0xb10c0000,0xb1350000)
  to   space 2880K, 0% used [0xb1390000,0xb1390000,0xb1660000)
 ParOldGen       total 87424K, used 25633K [0x83ff0000, 0x89550000, 0xaeaa0000)
  object space 87424K, 29% used [0x83ff0000,0x858f8788,0x89550000)
 PSPermGen       total 34560K, used 32418K [0x7fff0000, 0x821b0000, 0x83ff0000)
  object space 34560K, 93% used [0x7fff0000,0x81f988e0,0x821b0000)
Event: 68.819 GC heap after
Heap after GC invocations=235 (full 113):
 PSYoungGen      total 41664K, used 695K [0xaeaa0000, 0xb1620000, 0xc3ff0000)
  eden space 39040K, 0% used [0xaeaa0000,0xaeaa0000,0xb10c0000)
  from space 2624K, 26% used [0xb1390000,0xb143de18,0xb1620000)
  to   space 2752K, 0% used [0xb10c0000,0xb10c0000,0xb1370000)
 ParOldGen       total 87424K, used 25633K [0x83ff0000, 0x89550000, 0xaeaa0000)
  object space 87424K, 29% used [0x83ff0000,0x858f8788,0x89550000)
 PSPermGen       total 34560K, used 32418K [0x7fff0000, 0x821b0000, 0x83ff0000)
  object space 34560K, 93% used [0x7fff0000,0x81f988e0,0x821b0000)
}
Event: 68.819 GC heap before
{Heap before GC invocations=236 (full 114):
 PSYoungGen      total 41664K, used 695K [0xaeaa0000, 0xb1620000, 0xc3ff0000)
  eden space 39040K, 0% used [0xaeaa0000,0xaeaa0000,0xb10c0000)
  from space 2624K, 26% used [0xb1390000,0xb143de18,0xb1620000)
  to   space 2752K, 0% used [0xb10c0000,0xb10c0000,0xb1370000)
 ParOldGen       total 87424K, used 25633K [0x83ff0000, 0x89550000, 0xaeaa0000)
  object space 87424K, 29% used [0x83ff0000,0x858f8788,0x89550000)
 PSPermGen       total 34560K, used 32418K [0x7fff0000, 0x821b0000, 0x83ff0000)
  object space 34560K, 93% used [0x7fff0000,0x81f988e0,0x821b0000)
Event: 68.941 GC heap after
Heap after GC invocations=236 (full 114):
 PSYoungGen      total 41664K, used 0K [0xaeaa0000, 0xb1620000, 0xc3ff0000)
  eden space 39040K, 0% used [0xaeaa0000,0xaeaa0000,0xb10c0000)
  from space 2624K, 0% used [0xb1390000,0xb1390000,0xb1620000)
  to   space 2752K, 0% used [0xb10c0000,0xb10c0000,0xb1370000)
 ParOldGen       total 87424K, used 25645K [0x83ff0000, 0x89550000, 0xaeaa0000)
  object space 87424K, 29% used [0x83ff0000,0x858fb780,0x89550000)
 PSPermGen       total 34304K, used 32418K [0x7fff0000, 0x82170000, 0x83ff0000)
  object space 34304K, 94% used [0x7fff0000,0x81f98860,0x82170000)
}
Event: 69.764 GC heap before
{Heap before GC invocations=237 (full 114):
 PSYoungGen      total 41664K, used 16758K [0xaeaa0000, 0xb1620000, 0xc3ff0000)
  eden space 39040K, 42% used [0xaeaa0000,0xafafd960,0xb10c0000)
  from space 2624K, 0% used [0xb1390000,0xb1390000,0xb1620000)
  to   space 2752K, 0% used [0xb10c0000,0xb10c0000,0xb1370000)
 ParOldGen       total 87424K, used 25645K [0x83ff0000, 0x89550000, 0xaeaa0000)
  object space 87424K, 29% used [0x83ff0000,0x858fb780,0x89550000)
 PSPermGen       total 34304K, used 32458K [0x7fff0000, 0x82170000, 0x83ff0000)
  object space 34304K, 94% used [0x7fff0000,0x81fa2a88,0x82170000)
Event: 69.772 GC heap after
Heap after GC invocations=237 (full 114):
 PSYoungGen      total 40256K, used 1208K [0xaeaa0000, 0xb1600000, 0xc3ff0000)
  eden space 39040K, 0% used [0xaeaa0000,0xaeaa0000,0xb10c0000)
  from space 1216K, 99% used [0xb10c0000,0xb11ee270,0xb11f0000)
  to   space 2688K, 0% used [0xb1360000,0xb1360000,0xb1600000)
 ParOldGen       total 87424K, used 25645K [0x83ff0000, 0x89550000, 0xaeaa0000)
  object space 87424K, 29% used [0x83ff0000,0x858fb780,0x89550000)
 PSPermGen       total 34304K, used 32458K [0x7fff0000, 0x82170000, 0x83ff0000)
  object space 34304K, 94% used [0x7fff0000,0x81fa2a88,0x82170000)
}
Event: 69.772 GC heap before
{Heap before GC invocations=238 (full 115):
 PSYoungGen      total 40256K, used 1208K [0xaeaa0000, 0xb1600000, 0xc3ff0000)
  eden space 39040K, 0% used [0xaeaa0000,0xaeaa0000,0xb10c0000)
  from space 1216K, 99% used [0xb10c0000,0xb11ee270,0xb11f0000)
  to   space 2688K, 0% used [0xb1360000,0xb1360000,0xb1600000)
 ParOldGen       total 87424K, used 25645K [0x83ff0000, 0x89550000, 0xaeaa0000)
  object space 87424K, 29% used [0x83ff0000,0x858fb780,0x89550000)
 PSPermGen       total 34304K, used 32458K [0x7fff0000, 0x82170000, 0x83ff0000)
  object space 34304K, 94% used [0x7fff0000,0x81fa2a88,0x82170000)
Event: 69.902 GC heap after
Heap after GC invocations=238 (full 115):
 PSYoungGen      total 40256K, used 0K [0xaeaa0000, 0xb1600000, 0xc3ff0000)
  eden space 39040K, 0% used [0xaeaa0000,0xaeaa0000,0xb10c0000)
  from space 1216K, 0% used [0xb10c0000,0xb10c0000,0xb11f0000)
  to   space 2688K, 0% used [0xb1360000,0xb1360000,0xb1600000)
 ParOldGen       total 87424K, used 26199K [0x83ff0000, 0x89550000, 0xaeaa0000)
  object space 87424K, 29% used [0x83ff0000,0x85985fa0,0x89550000)
 PSPermGen       total 34304K, used 32458K [0x7fff0000, 0x82170000, 0x83ff0000)
  object space 34304K, 94% used [0x7fff0000,0x81fa2a08,0x82170000)
}

